2019-06-05 16:39:46,804 INFO  c.c.d.collector.CollectorTask - -----------------------------------
2019-06-05 16:39:46,817 INFO  c.c.d.collector.CollectorTask - Starting...
2019-06-05 16:39:46,818 INFO  c.c.d.collector.CollectorTask - -----------------------------------
2019-06-05 16:39:46,903 INFO  c.c.d.collector.GitHubCollectorTask - {url=http://current}::null:: get commits
2019-06-05 16:39:46,909 INFO  c.c.d.collector.GitHubCollectorTask - {url=http://current}::null get issues
2019-06-05 16:39:46,911 INFO  c.c.d.collector.GitHubCollectorTask - {url=http://current}::null::get pulls
2019-06-05 16:39:46,951 INFO  c.c.d.collector.CollectorTask - Repo Count              1        0s
2019-06-05 16:39:46,954 INFO  c.c.d.collector.CollectorTask - New Commits             1        0s
2019-06-05 16:39:46,955 INFO  c.c.d.collector.CollectorTask - New Pulls               0        0s
2019-06-05 16:39:46,956 INFO  c.c.d.collector.CollectorTask - New Issues              0        0s
2019-06-05 16:39:46,957 INFO  c.c.d.collector.CollectorTask - Finished                         0s
2019-06-05 16:39:47,000 INFO  c.c.d.collector.CollectorTask - -----------------------------------
2019-06-05 16:39:47,002 INFO  c.c.d.collector.CollectorTask - Starting...
2019-06-05 16:39:47,003 INFO  c.c.d.collector.CollectorTask - -----------------------------------
2019-06-05 16:39:47,005 INFO  c.c.d.collector.CollectorTask - Repo Count              1        0s
2019-06-05 16:39:47,007 INFO  c.c.d.collector.CollectorTask - New Commits             0        0s
2019-06-05 16:39:47,008 INFO  c.c.d.collector.CollectorTask - New Pulls               0        0s
2019-06-05 16:39:47,009 INFO  c.c.d.collector.CollectorTask - New Issues              0        0s
2019-06-05 16:39:47,009 INFO  c.c.d.collector.CollectorTask - Finished                         0s
2019-06-05 16:39:47,021 INFO  c.c.d.collector.CollectorTask - -----------------------------------
2019-06-05 16:39:47,022 INFO  c.c.d.collector.CollectorTask - Starting...
2019-06-05 16:39:47,023 INFO  c.c.d.collector.CollectorTask - -----------------------------------
2019-06-05 16:39:47,026 INFO  c.c.d.collector.GitHubCollectorTask - {url=http://current}::null:: get commits
2019-06-05 16:39:47,027 INFO  c.c.d.collector.GitHubCollectorTask - {url=http://current}::null get issues
2019-06-05 16:39:47,029 INFO  c.c.d.collector.GitHubCollectorTask - {url=http://current}::null::get pulls
2019-06-05 16:39:47,031 INFO  c.c.d.collector.CollectorTask - Repo Count              1        0s
2019-06-05 16:39:47,032 INFO  c.c.d.collector.CollectorTask - New Commits             1        0s
2019-06-05 16:39:47,033 INFO  c.c.d.collector.CollectorTask - New Pulls               0        0s
2019-06-05 16:39:47,036 INFO  c.c.d.collector.CollectorTask - New Issues              1        0s
2019-06-05 16:39:47,037 INFO  c.c.d.collector.CollectorTask - Finished                         0s
2019-06-05 16:39:47,049 INFO  c.c.d.collector.CollectorTask - -----------------------------------
2019-06-05 16:39:47,050 INFO  c.c.d.collector.CollectorTask - Starting...
2019-06-05 16:39:47,052 INFO  c.c.d.collector.CollectorTask - -----------------------------------
2019-06-05 16:39:47,054 INFO  c.c.d.collector.CollectorTask - Repo Count              1        0s
2019-06-05 16:39:47,055 INFO  c.c.d.collector.CollectorTask - New Commits             0        0s
2019-06-05 16:39:47,056 INFO  c.c.d.collector.CollectorTask - New Pulls               0        0s
2019-06-05 16:39:47,057 INFO  c.c.d.collector.CollectorTask - New Issues              0        0s
2019-06-05 16:39:47,057 INFO  c.c.d.collector.CollectorTask - Finished                         0s
2019-06-05 17:25:33,064 INFO  c.c.d.collector.CollectorTask - -----------------------------------
2019-06-05 17:25:33,076 INFO  c.c.d.collector.CollectorTask - Starting...
2019-06-05 17:25:33,077 INFO  c.c.d.collector.CollectorTask - -----------------------------------
2019-06-05 17:25:33,155 INFO  c.c.d.collector.GitHubCollectorTask - {url=http://current}::null:: get commits
2019-06-05 17:25:33,158 INFO  c.c.d.collector.GitHubCollectorTask - {url=http://current}::null get issues
2019-06-05 17:25:33,162 INFO  c.c.d.collector.GitHubCollectorTask - {url=http://current}::null::get pulls
2019-06-05 17:25:33,198 INFO  c.c.d.collector.CollectorTask - Repo Count              1        0s
2019-06-05 17:25:33,200 INFO  c.c.d.collector.CollectorTask - New Commits             1        0s
2019-06-05 17:25:33,201 INFO  c.c.d.collector.CollectorTask - New Pulls               0        0s
2019-06-05 17:25:33,202 INFO  c.c.d.collector.CollectorTask - New Issues              0        0s
2019-06-05 17:25:33,203 INFO  c.c.d.collector.CollectorTask - Finished                         0s
2019-06-05 17:25:33,257 INFO  c.c.d.collector.CollectorTask - -----------------------------------
2019-06-05 17:25:33,258 INFO  c.c.d.collector.CollectorTask - Starting...
2019-06-05 17:25:33,260 INFO  c.c.d.collector.CollectorTask - -----------------------------------
2019-06-05 17:25:33,264 INFO  c.c.d.collector.CollectorTask - Repo Count              1        0s
2019-06-05 17:25:33,265 INFO  c.c.d.collector.CollectorTask - New Commits             0        0s
2019-06-05 17:25:33,266 INFO  c.c.d.collector.CollectorTask - New Pulls               0        0s
2019-06-05 17:25:33,267 INFO  c.c.d.collector.CollectorTask - New Issues              0        0s
2019-06-05 17:25:33,268 INFO  c.c.d.collector.CollectorTask - Finished                         0s
2019-06-05 17:25:33,282 INFO  c.c.d.collector.CollectorTask - -----------------------------------
2019-06-05 17:25:33,283 INFO  c.c.d.collector.CollectorTask - Starting...
2019-06-05 17:25:33,284 INFO  c.c.d.collector.CollectorTask - -----------------------------------
2019-06-05 17:25:33,286 INFO  c.c.d.collector.GitHubCollectorTask - {url=http://current}::null:: get commits
2019-06-05 17:25:33,288 INFO  c.c.d.collector.GitHubCollectorTask - {url=http://current}::null get issues
2019-06-05 17:25:33,290 INFO  c.c.d.collector.GitHubCollectorTask - {url=http://current}::null::get pulls
2019-06-05 17:25:33,291 INFO  c.c.d.collector.CollectorTask - Repo Count              1        0s
2019-06-05 17:25:33,294 INFO  c.c.d.collector.CollectorTask - New Commits             1        0s
2019-06-05 17:25:33,296 INFO  c.c.d.collector.CollectorTask - New Pulls               0        0s
2019-06-05 17:25:33,297 INFO  c.c.d.collector.CollectorTask - New Issues              1        0s
2019-06-05 17:25:33,300 INFO  c.c.d.collector.CollectorTask - Finished                         0s
2019-06-05 17:25:33,315 INFO  c.c.d.collector.CollectorTask - -----------------------------------
2019-06-05 17:25:33,316 INFO  c.c.d.collector.CollectorTask - Starting...
2019-06-05 17:25:33,318 INFO  c.c.d.collector.CollectorTask - -----------------------------------
2019-06-05 17:25:33,320 INFO  c.c.d.collector.CollectorTask - Repo Count              1        0s
2019-06-05 17:25:33,321 INFO  c.c.d.collector.CollectorTask - New Commits             0        0s
2019-06-05 17:25:33,322 INFO  c.c.d.collector.CollectorTask - New Pulls               0        0s
2019-06-05 17:25:33,323 INFO  c.c.d.collector.CollectorTask - New Issues              0        0s
2019-06-05 17:25:33,324 INFO  c.c.d.collector.CollectorTask - Finished                         0s
